0 info it worked if it ends with ok
1 verbose cli [ 'C:\\Program Files\\nodejs\\node.exe',
1 verbose cli   'C:\\Program Files\\nodejs\\node_modules\\npm\\bin\\npm-cli.js',
1 verbose cli   'start' ]
2 info using npm@3.10.10
3 info using node@v6.11.2
4 verbose run-script [ 'prestart', 'start', 'poststart' ]
5 info lifecycle hospitalrun-server@1.0.0-beta~prestart: hospitalrun-server@1.0.0-beta
6 silly lifecycle hospitalrun-server@1.0.0-beta~prestart: no script for prestart, continuing
7 info lifecycle hospitalrun-server@1.0.0-beta~start: hospitalrun-server@1.0.0-beta
8 verbose lifecycle hospitalrun-server@1.0.0-beta~start: unsafe-perm in lifecycle true
9 verbose lifecycle hospitalrun-server@1.0.0-beta~start: PATH: C:\Program Files\nodejs\node_modules\npm\bin\node-gyp-bin;C:\Users\aeguibar\hospitalrun-server\node_modules\.bin;C:\Users\aeguibar\bin;C:\Program Files\Git\mingw64\bin;C:\Program Files\Git\usr\local\bin;C:\Program Files\Git\usr\bin;C:\Program Files\Git\usr\bin;C:\Program Files\Git\mingw64\bin;C:\Program Files\Git\usr\bin;C:\Users\aeguibar\bin;C:\ProgramData\Oracle\Java\javapath;C:\cygwin64\bin;C:\Windows\system32;C:\Windows;C:\Windows\System32\Wbem;C:\Windows\System32\WindowsPowerShell\v1.0;C:\Program Files (x86)\Skype\Phone;C:\Program Files\Git\cmd;C:\Program Files\nodejs;C:\Users\aeguibar\AppData\Local\Programs\Python\Python36-32;C:\Users\aeguibar\AppData\Local\Programs\Python\Python36-32\Scripts;C:\Users\aeguibar\AppData\Local\atom\bin;C:\Program Files\Docker Toolbox;C:\Users\aeguibar\AppData\Roaming\npm;C:\Program Files\Microsoft VS Code\bin;C:\Program Files\Git\usr\bin\vendor_perl;C:\Program Files\Git\usr\bin\core_perl
10 verbose lifecycle hospitalrun-server@1.0.0-beta~start: CWD: C:\Users\aeguibar\hospitalrun-server
11 silly lifecycle hospitalrun-server@1.0.0-beta~start: Args: [ '/d /s /c', 'node app.js' ]
12 silly lifecycle hospitalrun-server@1.0.0-beta~start: Returned: code: 1  signal: null
13 info lifecycle hospitalrun-server@1.0.0-beta~start: Failed to exec start script
14 verbose stack Error: hospitalrun-server@1.0.0-beta start: `node app.js`
14 verbose stack Exit status 1
14 verbose stack     at EventEmitter.<anonymous> (C:\Program Files\nodejs\node_modules\npm\lib\utils\lifecycle.js:255:16)
14 verbose stack     at emitTwo (events.js:106:13)
14 verbose stack     at EventEmitter.emit (events.js:191:7)
14 verbose stack     at ChildProcess.<anonymous> (C:\Program Files\nodejs\node_modules\npm\lib\utils\spawn.js:40:14)
14 verbose stack     at emitTwo (events.js:106:13)
14 verbose stack     at ChildProcess.emit (events.js:191:7)
14 verbose stack     at maybeClose (internal/child_process.js:891:16)
14 verbose stack     at Process.ChildProcess._handle.onexit (internal/child_process.js:226:5)
15 verbose pkgid hospitalrun-server@1.0.0-beta
16 verbose cwd C:\Users\aeguibar\hospitalrun-server\conf
17 error Windows_NT 6.1.7601
18 error argv "C:\\Program Files\\nodejs\\node.exe" "C:\\Program Files\\nodejs\\node_modules\\npm\\bin\\npm-cli.js" "start"
19 error node v6.11.2
20 error npm  v3.10.10
21 error code ELIFECYCLE
22 error hospitalrun-server@1.0.0-beta start: `node app.js`
22 error Exit status 1
23 error Failed at the hospitalrun-server@1.0.0-beta start script 'node app.js'.
23 error Make sure you have the latest version of node.js and npm installed.
23 error If you do, this is most likely a problem with the hospitalrun-server package,
23 error not with npm itself.
23 error Tell the author that this fails on your system:
23 error     node app.js
23 error You can get information on how to open an issue for this project with:
23 error     npm bugs hospitalrun-server
23 error Or if that isn't available, you can get their info via:
23 error     npm owner ls hospitalrun-server
23 error There is likely additional logging output above.
24 verbose exit [ 1, true ]
